
 Running default procedure: HF-SCF000
1PROGRAM * ALASKA (Gradient of the energy)     Author: R. Lindh

 Orbitals from record         2100.2

 Number of closed-shell orbitals:  8 (  5  1  2  0 )
 Number of occupied orbitals:      8 (  5  1  2  0 )

 Number of electrons= 16     Singlet     Space symmetry=1      Wavefunction type: CLOSED          


 SCF GRADIENT FOR STATE 1.1

 Atom          dE/dx               dE/dy               dE/dz

   1         0.000000000         0.000000000        -0.048106525
   2         0.000000000         0.000000000         0.079852310
   3         0.000000000        -0.002228505        -0.015872892
   4         0.000000000         0.002228505        -0.015872892

 Nuclear force contribution to virial =         0.072495236
 Reading points  1 to  1 from record 700.2,  wavefunction type=HF-SCF000       

 Making model hessian for cartesian coordinates
 No hessian update for point  1

 Quadratic Steepest Descent - Minimum Search

 Optimization point  1

 Variable                      Last           Current        Next           Gradient       Hessian
 E(HF-SCF000) / Hartree      0.00000000  -113.90534612     0.00000000
 GX1 / ANGSTROM              0.00000000     0.00000000     0.00000000     0.00000000    -0.00000000
 GY1 / ANGSTROM              0.00000000     0.00000000     0.00000000     0.00000000    -0.00000000
 GZ1 / ANGSTROM              0.00000000    -1.21301000    -1.22059442    -0.09090816     0.00000000
 GX2 / ANGSTROM              0.00000000     0.00000000     0.00000000     0.00000000     0.00000000
 GY2 / ANGSTROM              0.00000000     0.00000000    -0.00000000     0.00000000     0.00000000
 GZ2 / ANGSTROM              0.00000000     0.00000000    -0.03243820     0.15089900     0.00000000
 GX3 / ANGSTROM              0.00000000     0.00000000     0.00000000     0.00000000     0.70517926
 GY3 / ANGSTROM              0.00000000     0.95107000     0.93433241    -0.00421126     0.85527225
 GZ3 / ANGSTROM              0.00000000     0.49619000     0.51620131    -0.02999542     2.15461899
 GX4 / ANGSTROM              0.00000000     0.00000000     0.00000000     0.00000000     5.27168745
 GY4 / ANGSTROM              0.00000000    -0.95107000    -0.93433241     0.00421126     8.39213979
 GZ4 / ANGSTROM              0.00000000     0.49619000     0.51620131    -0.02999542    13.66443827
 Convergence:                0.00000000  (line search)     0.09393591     0.09593987  (total)

 Geometry written to block  2 of record 700


 Recomputing integrals since geometry changed

1PROGRAM * SEWARD (Integral evaluation for generally contracted gaussian basis sets)     Author: Roland Lindh, 1990

 Geometry written to block  2 of record 700


 Point group  C2v 



 ATOMIC COORDINATES

 NR  ATOM    CHARGE       X              Y              Z

   1  O       8.00    0.000000000    0.000000000   -2.306589174
   2  C       6.00    0.000000000    0.000000000   -0.061299315
   3  H       1.00    0.000000000    1.765632370    0.975479106
   4  H       1.00    0.000000000   -1.765632370    0.975479106

 Bond lengths in Bohr (Angstrom)

 1-2  2.245289859  2-3  2.047527084  2-4  2.047527084
     ( 1.188156221)     ( 1.083504668)     ( 1.083504668)

 Bond angles

  1-2-3  120.42143396   1-2-4  120.42143396   3-2-4  119.15713209


 BASIS DATA

   Nr Sym  Nuc  Type         Exponents   Contraction coefficients

    1.1 A1   1  1s        15330.000000     0.000508   -0.000115    0.000000    0.000000
    2.1 A1                 2299.000000     0.003929   -0.000895    0.000000    0.000000
    3.1 A1                  522.400000     0.020243   -0.004636    0.000000    0.000000
    4.1 A1                  147.300000     0.079181   -0.018724    0.000000    0.000000
                             47.550000     0.230687   -0.058463    0.000000    0.000000
                             16.760000     0.433118   -0.136463    0.000000    0.000000
                              6.207000     0.350260   -0.175740    0.000000    0.000000
                              1.752000     0.042728    0.160934    1.000000    0.000000
                              0.688200    -0.008154    0.603418    0.000000    0.000000
                              0.238400     0.002381    0.378765    0.000000    1.000000
    5.1 A1   1  2pz          34.460000     0.015928    0.000000    0.000000
    6.1 A1                    7.749000     0.099740    0.000000    0.000000
    7.1 A1                    2.280000     0.310492    0.000000    0.000000
                              0.715600     0.491026    1.000000    0.000000
                              0.214000     0.336337    0.000000    1.000000
    8.1 A1   1  3d0           2.314000     1.000000
    9.1 A1   1  3d2+          2.314000     1.000000
   10.1 A1   1  3d0           0.645000     1.000000
   11.1 A1   1  3d2+          0.645000     1.000000
   12.1 A1   2  1s         8236.000000     0.000531   -0.000113    0.000000    0.000000
   13.1 A1                 1235.000000     0.004108   -0.000878    0.000000    0.000000
   14.1 A1                  280.800000     0.021087   -0.004540    0.000000    0.000000
   15.1 A1                   79.270000     0.081853   -0.018133    0.000000    0.000000
                             25.590000     0.234817   -0.055760    0.000000    0.000000
                              8.997000     0.434401   -0.126895    0.000000    0.000000
                              3.319000     0.346129   -0.170352    0.000000    0.000000
                              0.905900     0.039378    0.140382    1.000000    0.000000
                              0.364300    -0.008983    0.598684    0.000000    0.000000
                              0.128500     0.002385    0.395389    0.000000    1.000000
   16.1 A1   2  2pz          18.710000     0.014031    0.000000    0.000000
   17.1 A1                    4.133000     0.086866    0.000000    0.000000
   18.1 A1                    1.200000     0.290216    0.000000    0.000000
                              0.382700     0.501008    1.000000    0.000000
                              0.120900     0.343406    0.000000    1.000000
   19.1 A1   2  3d0           1.097000     1.000000
   20.1 A1   2  3d2+          1.097000     1.000000
   21.1 A1   2  3d0           0.318000     1.000000
   22.1 A1   2  3d2+          0.318000     1.000000
   23.1 A1   3  1s           33.870000     0.006068    0.000000    0.000000
   24.1 A1   4  1s            5.095000     0.045308    0.000000    0.000000
   25.1 A1                    1.159000     0.202822    0.000000    0.000000
                              0.325800     0.503903    1.000000    0.000000
                              0.102700     0.383421    0.000000    1.000000
   26.1 A1   3  2pz           1.407000     1.000000
             4  2pz    
   27.1 A1   3  2py           1.407000     1.000000
             4 -2py    
   28.1 A1   3  2pz           0.388000     1.000000
             4  2pz    
   29.1 A1   3  2py           0.388000     1.000000
             4 -2py    
    1.2 B1   1  2px          34.460000     0.015928    0.000000    0.000000
    2.2 B1                    7.749000     0.099740    0.000000    0.000000
    3.2 B1                    2.280000     0.310492    0.000000    0.000000
                              0.715600     0.491026    1.000000    0.000000
                              0.214000     0.336337    0.000000    1.000000
    4.2 B1   1  3d1+          2.314000     1.000000
    5.2 B1   1  3d1+          0.645000     1.000000
    6.2 B1   2  2px          18.710000     0.014031    0.000000    0.000000
    7.2 B1                    4.133000     0.086866    0.000000    0.000000
    8.2 B1                    1.200000     0.290216    0.000000    0.000000
                              0.382700     0.501008    1.000000    0.000000
                              0.120900     0.343406    0.000000    1.000000
    9.2 B1   2  3d1+          1.097000     1.000000
   10.2 B1   2  3d1+          0.318000     1.000000
   11.2 B1   3  2px           1.407000     1.000000
             4  2px    
   12.2 B1   3  2px           0.388000     1.000000
             4  2px    
    1.3 B2   1  2py          34.460000     0.015928    0.000000    0.000000
    2.3 B2                    7.749000     0.099740    0.000000    0.000000
    3.3 B2                    2.280000     0.310492    0.000000    0.000000
                              0.715600     0.491026    1.000000    0.000000
                              0.214000     0.336337    0.000000    1.000000
    4.3 B2   1  3d1-          2.314000     1.000000
    5.3 B2   1  3d1-          0.645000     1.000000
    6.3 B2   2  2py          18.710000     0.014031    0.000000    0.000000
    7.3 B2                    4.133000     0.086866    0.000000    0.000000
    8.3 B2                    1.200000     0.290216    0.000000    0.000000
                              0.382700     0.501008    1.000000    0.000000
                              0.120900     0.343406    0.000000    1.000000
    9.3 B2   2  3d1-          1.097000     1.000000
   10.3 B2   2  3d1-          0.318000     1.000000
   11.3 B2   3  1s           33.870000     0.006068    0.000000    0.000000
   12.3 B2   4 -1s            5.095000     0.045308    0.000000    0.000000
   13.3 B2                    1.159000     0.202822    0.000000    0.000000
                              0.325800     0.503903    1.000000    0.000000
                              0.102700     0.383421    0.000000    1.000000
   14.3 B2   3  2py           1.407000     1.000000
             4  2py    
   15.3 B2   3  2pz           1.407000     1.000000
             4 -2pz    
   16.3 B2   3  2py           0.388000     1.000000
             4  2py    
   17.3 B2   3  2pz           0.388000     1.000000
             4 -2pz    
    1.4 A2   1  3d2-          2.314000     1.000000
    2.4 A2   1  3d2-          0.645000     1.000000
    3.4 A2   2  3d2-          1.097000     1.000000
    4.4 A2   2  3d2-          0.318000     1.000000
    5.4 A2   3  2px           1.407000     1.000000
             4 -2px    
    6.4 A2   3  2px           0.388000     1.000000
             4 -2px    

 NUCLEAR CHARGE:                   16
 NUMBER OF PRIMITIVE AOS:          96
 NUMBER OF SYMMETRY AOS:           92
 NUMBER OF CONTRACTIONS:           64   (  29A1  +  12B1  +  17B2  +   6A2  )
 NUMBER OF CORE ORBITALS:           2   (   2A1  +   0B1  +   0B2  +   0A2  )
 NUMBER OF VALENCE ORBITALS:       10   (   5A1  +   2B1  +   3B2  +   0A2  )


 NUCLEAR REPULSION ENERGY   31.81516604


 Eigenvalues of metric

         1 0.267E-02 0.440E-02 0.536E-02 0.873E-02 0.194E-01 0.360E-01 0.527E-01 0.709E-01
         2 0.366E-01 0.477E-01 0.111E+00 0.161E+00 0.283E+00 0.461E+00 0.507E+00 0.841E+00
         3 0.398E-02 0.116E-01 0.208E-01 0.359E-01 0.563E-01 0.109E+00 0.120E+00 0.246E+00
         4 0.126E+00 0.430E+00 0.541E+00 0.856E+00 0.150E+01 0.246E+01


 Contracted 2-electron integrals neglected if value below      1.0D-11
 AO integral compression algorithm  1   Integral accuracy      1.0D-11

     4.194 MB (compressed) written to integral file ( 60.6%)


 NUMBER OF SORTED TWO-ELECTRON INTEGRALS:     595626.     BUFFER LENGTH:  32768
 NUMBER OF SEGMENTS:   1  SEGMENT LENGTH:     595626      RECORD LENGTH: 524288

 Memory used in sort:       1.15 MW

 SORT1 READ      829161. AND WROTE      566866. INTEGRALS IN      2 RECORDS. CPU TIME:     0.03 SEC, REAL TIME:     0.03 SEC
 SORT2 READ      566866. AND WROTE      595626. INTEGRALS IN     16 RECORDS. CPU TIME:     0.04 SEC, REAL TIME:     0.06 SEC

 FILE SIZES:   FILE 1:    11.9 MBYTE,  FILE 4:     8.4 MBYTE,   TOTAL:     20.3 MBYTE

 OPERATOR DM      FOR CENTER  0  COORDINATES:    0.000000    0.000000    0.000000
1PROGRAM * RHF-SCF (CLOSED SHELL)       Authors: W. Meyer, H.-J. Werner


 NUMBER OF ELECTRONS:       8+    8-    SPACE SYMMETRY=1    SPIN SYMMETRY: Singlet 
 CONVERGENCE THRESHOLDS:    1.00E-06 (Density)    1.00E-08 (Energy)
 MAX. NUMBER OF ITERATIONS:       60
 INTERPOLATION TYPE:            DIIS
 INTERPOLATION STEPS:              2 (START)      1 (STEP)
 LEVEL SHIFTS:                  0.00 (CLOSED)  0.00 (OPEN) 

 Number of closed-shell orbitals:    8 (   5   1   2   0 )


 Molecular orbitals read from record     2100.2  Type=RHF/CANONICAL (state 1.1)

 Molecular orbital dump at record        2100.2

 ITERATION    DDIFF          GRAD             ENERGY        2-EL.EN.            DIPOLE MOMENTS         DIIS   ORB.
    1      0.000D+00      0.000D+00      -113.90788671    145.213420    0.00000    0.00000    1.08187    0    start
    2      0.000D+00      0.249D-02      -113.90875147    145.468276    0.00000    0.00000    1.08961    1    diag
    3      0.493D-02      0.968D-03      -113.90885848    145.302050    0.00000    0.00000    1.05656    2    diag
    4      0.144D-02      0.466D-03      -113.90889021    145.344338    0.00000    0.00000    1.06398    3    diag
    5      0.590D-03      0.815D-04      -113.90889190    145.344151    0.00000    0.00000    1.06162    4    diag
    6      0.151D-03      0.184D-04      -113.90889204    145.342200    0.00000    0.00000    1.06147    5    diag
    7      0.520D-04      0.426D-05      -113.90889205    145.342352    0.00000    0.00000    1.06146    6    diag
    8      0.124D-04      0.131D-05      -113.90889205    145.342355    0.00000    0.00000    1.06150    7    orth
    9      0.396D-05      0.452D-06      -113.90889205    145.342360    0.00000    0.00000    1.06152    8    diag
   10      0.140D-05      0.696D-07      -113.90889205    145.342360    0.00000    0.00000    1.06152    9    diag
   11      0.194D-06      0.129D-07      -113.90889205    145.342359    0.00000    0.00000    1.06152    0    orth

 Final occupancy:   5   1   2   0

 !RHF STATE 1.1 Energy               -113.908892047201
 Nuclear energy                        31.81516604
 One-electron energy                 -218.39523764
 Two-electron energy                   72.67117955
 Virial quotient                       -1.00036156
 !RHF STATE 1.1 Dipole moment           0.00000000     0.00000000     1.06151634
 Dipole moment /Debye                   0.00000000     0.00000000     2.69792869

 Orbital energies:

         1.1          2.1          3.1          4.1          5.1          6.1          7.1
    -20.571696   -11.331157    -1.415690    -0.869545    -0.653988     0.151185     0.273657

         1.2          2.2          3.2
     -0.540374     0.125084     0.444156

         1.3          2.3          3.3          4.3
     -0.704217    -0.439773     0.205944     0.475003

         1.4          2.4
      0.708113     1.204839

 HOMO      2.3    -0.439773 =     -11.9668eV
 LUMO      2.2     0.125084 =       3.4037eV
 LUMO-HOMO         0.564858 =      15.3706eV


 **********************************************************************************************************************************
 DATASETS  * FILE   NREC   LENGTH (MB)   RECORD NAMES
              1      19       10.50       500      610      700      900      950      970     1000      129      960     1100   
                                          VAR    BASINP    GEOM    SYMINP    ZMAT    AOBASIS   BASIS     P2S    ABASIS      S 
                                         1400     1410     1200     1210     1080     1600     1650     1300     1700   
                                           T        V       H0       H01     AOSYM     SMH    MOLCAS    ERIS     OPER   

              2       4        0.37       700     1000      520     2100   
                                         GEOM     BASIS   MCVARS     RHF  

 PROGRAMS   *        TOTAL        HF        HF       INT
 CPU TIMES  *         1.40      0.34      0.10      0.29
 REAL TIME  *         1.56 SEC
 DISK USED  *        20.71 MB      
 **********************************************************************************************************************************

 PROGRESS OF GEOMETRY OPTIMIZATION.    TOTAL CPU:         0.9 SEC
   1  -113.90534612  -113.90889205    -0.00354592  0.09418676  0.09593987  0.01598998  0.08401238  0.09393591  0.04696796

 **********************************************************************************************************************************

 Current geometry (xyz format, in Angstrom)

    4
 HF-SCF000/USERDEF  ENERGY=-113.90889205
 O          0.0000000000        0.0000000000       -1.2205944212
 C          0.0000000000        0.0000000000       -0.0324382003
 H          0.0000000000        0.9343324095        0.5162013108
 H          0.0000000000       -0.9343324095        0.5162013108

 **********************************************************************************************************************************
1PROGRAM * ALASKA (Gradient of the energy)     Author: R. Lindh

 Orbitals from record         2100.2

 Number of closed-shell orbitals:  8 (  5  1  2  0 )
 Number of occupied orbitals:      8 (  5  1  2  0 )

 Number of electrons= 16     Singlet     Space symmetry=1      Wavefunction type: CLOSED          


 SCF GRADIENT FOR STATE 1.1

 Atom          dE/dx               dE/dy               dE/dz

   1         0.000000000         0.000000000        -0.012472745
   2         0.000000000         0.000000000         0.025079232
   3         0.000000000        -0.001374137        -0.006303243
   4         0.000000000         0.001374137        -0.006303243

 Nuclear force contribution to virial =         0.010082352
 Reading points  1 to  2 from record 700.2,  wavefunction type=HF-SCF000       

 Making model hessian for cartesian coordinates
 BFGS update of hessian using  1 points

 Quadratic Steepest Descent - Minimum Search

 Optimization point  2

 Variable                      Last           Current        Next           Gradient       Hessian
 E(HF-SCF000) / Hartree   -113.90534612  -113.90889205     0.00000000
 GX1 / ANGSTROM              0.00000000     0.00000000     0.00000000     0.00000000    -0.00000000
 GY1 / ANGSTROM              0.00000000     0.00000000     0.00000000     0.00000000    -0.00000000
 GZ1 / ANGSTROM             -1.21301000    -1.22059442    -1.22815940    -0.02357007    -0.00000000
 GX2 / ANGSTROM              0.00000000     0.00000000     0.00000000     0.00000000    -0.00000000
 GY2 / ANGSTROM              0.00000000    -0.00000000     0.00000000     0.00000000    -0.00000000
 GZ2 / ANGSTROM              0.00000000    -0.03243820    -0.05011576     0.04739288     0.00000000
 GX3 / ANGSTROM              0.00000000     0.00000000     0.00000000     0.00000000     0.65662032
 GY3 / ANGSTROM              0.95107000     0.93433241     0.92552562    -0.00259674     0.89704611
 GZ3 / ANGSTROM              0.49619000     0.51620131     0.52882258    -0.01191140     2.14969523
 GX4 / ANGSTROM              0.00000000     0.00000000     0.00000000     0.00000000     5.04668173
 GY4 / ANGSTROM             -0.95107000    -0.93433241    -0.92552562     0.00259674     8.87835773
 GZ4 / ANGSTROM              0.49619000     0.51620131     0.52882258    -0.01191140    13.43170248
 Convergence:                0.00000000  (line search)     0.05488140     0.02945803  (total)

 Geometry written to block  3 of record 700


 Recomputing integrals since geometry changed

1PROGRAM * SEWARD (Integral evaluation for generally contracted gaussian basis sets)     Author: Roland Lindh, 1990

 Geometry written to block  3 of record 700


 Point group  C2v 



 ATOMIC COORDINATES

 NR  ATOM    CHARGE       X              Y              Z

   1  O       8.00    0.000000000    0.000000000   -2.320884907
   2  C       6.00    0.000000000    0.000000000   -0.094705063
   3  H       1.00    0.000000000    1.748989946    0.999329846
   4  H       1.00    0.000000000   -1.748989946    0.999329846

 Bond lengths in Bohr (Angstrom)

 1-2  2.226179844  2-3  2.062977996  2-4  2.062977996
     ( 1.178043637)     ( 1.091680938)     ( 1.091680938)

 Bond angles

  1-2-3  122.02696114   1-2-4  122.02696114   3-2-4  115.94607771


 BASIS DATA

   Nr Sym  Nuc  Type         Exponents   Contraction coefficients

    1.1 A1   1  1s        15330.000000     0.000508   -0.000115    0.000000    0.000000
    2.1 A1                 2299.000000     0.003929   -0.000895    0.000000    0.000000
    3.1 A1                  522.400000     0.020243   -0.004636    0.000000    0.000000
    4.1 A1                  147.300000     0.079181   -0.018724    0.000000    0.000000
                             47.550000     0.230687   -0.058463    0.000000    0.000000
                             16.760000     0.433118   -0.136463    0.000000    0.000000
                              6.207000     0.350260   -0.175740    0.000000    0.000000
                              1.752000     0.042728    0.160934    1.000000    0.000000
                              0.688200    -0.008154    0.603418    0.000000    0.000000
                              0.238400     0.002381    0.378765    0.000000    1.000000
    5.1 A1   1  2pz          34.460000     0.015928    0.000000    0.000000
    6.1 A1                    7.749000     0.099740    0.000000    0.000000
    7.1 A1                    2.280000     0.310492    0.000000    0.000000
                              0.715600     0.491026    1.000000    0.000000
                              0.214000     0.336337    0.000000    1.000000
    8.1 A1   1  3d0           2.314000     1.000000
    9.1 A1   1  3d2+          2.314000     1.000000
   10.1 A1   1  3d0           0.645000     1.000000
   11.1 A1   1  3d2+          0.645000     1.000000
   12.1 A1   2  1s         8236.000000     0.000531   -0.000113    0.000000    0.000000
   13.1 A1                 1235.000000     0.004108   -0.000878    0.000000    0.000000
   14.1 A1                  280.800000     0.021087   -0.004540    0.000000    0.000000
   15.1 A1                   79.270000     0.081853   -0.018133    0.000000    0.000000
                             25.590000     0.234817   -0.055760    0.000000    0.000000
                              8.997000     0.434401   -0.126895    0.000000    0.000000
                              3.319000     0.346129   -0.170352    0.000000    0.000000
                              0.905900     0.039378    0.140382    1.000000    0.000000
                              0.364300    -0.008983    0.598684    0.000000    0.000000
                              0.128500     0.002385    0.395389    0.000000    1.000000
   16.1 A1   2  2pz          18.710000     0.014031    0.000000    0.000000
   17.1 A1                    4.133000     0.086866    0.000000    0.000000
   18.1 A1                    1.200000     0.290216    0.000000    0.000000
                              0.382700     0.501008    1.000000    0.000000
                              0.120900     0.343406    0.000000    1.000000
   19.1 A1   2  3d0           1.097000     1.000000
   20.1 A1   2  3d2+          1.097000     1.000000
   21.1 A1   2  3d0           0.318000     1.000000
   22.1 A1   2  3d2+          0.318000     1.000000
   23.1 A1   3  1s           33.870000     0.006068    0.000000    0.000000
   24.1 A1   4  1s            5.095000     0.045308    0.000000    0.000000
   25.1 A1                    1.159000     0.202822    0.000000    0.000000
                              0.325800     0.503903    1.000000    0.000000
                              0.102700     0.383421    0.000000    1.000000
   26.1 A1   3  2pz           1.407000     1.000000
             4  2pz    
   27.1 A1   3  2py           1.407000     1.000000
             4 -2py    
   28.1 A1   3  2pz           0.388000     1.000000
             4  2pz    
   29.1 A1   3  2py           0.388000     1.000000
             4 -2py    
    1.2 B1   1  2px          34.460000     0.015928    0.000000    0.000000
    2.2 B1                    7.749000     0.099740    0.000000    0.000000
    3.2 B1                    2.280000     0.310492    0.000000    0.000000
                              0.715600     0.491026    1.000000    0.000000
                              0.214000     0.336337    0.000000    1.000000
    4.2 B1   1  3d1+          2.314000     1.000000
    5.2 B1   1  3d1+          0.645000     1.000000
    6.2 B1   2  2px          18.710000     0.014031    0.000000    0.000000
    7.2 B1                    4.133000     0.086866    0.000000    0.000000
    8.2 B1                    1.200000     0.290216    0.000000    0.000000
                              0.382700     0.501008    1.000000    0.000000
                              0.120900     0.343406    0.000000    1.000000
    9.2 B1   2  3d1+          1.097000     1.000000
   10.2 B1   2  3d1+          0.318000     1.000000
   11.2 B1   3  2px           1.407000     1.000000
             4  2px    
   12.2 B1   3  2px           0.388000     1.000000
             4  2px    
    1.3 B2   1  2py          34.460000     0.015928    0.000000    0.000000
    2.3 B2                    7.749000     0.099740    0.000000    0.000000
    3.3 B2                    2.280000     0.310492    0.000000    0.000000
                              0.715600     0.491026    1.000000    0.000000
                              0.214000     0.336337    0.000000    1.000000
    4.3 B2   1  3d1-          2.314000     1.000000
    5.3 B2   1  3d1-          0.645000     1.000000
    6.3 B2   2  2py          18.710000     0.014031    0.000000    0.000000
    7.3 B2                    4.133000     0.086866    0.000000    0.000000
    8.3 B2                    1.200000     0.290216    0.000000    0.000000
                              0.382700     0.501008    1.000000    0.000000
                              0.120900     0.343406    0.000000    1.000000
    9.3 B2   2  3d1-          1.097000     1.000000
   10.3 B2   2  3d1-          0.318000     1.000000
   11.3 B2   3  1s           33.870000     0.006068    0.000000    0.000000
   12.3 B2   4 -1s            5.095000     0.045308    0.000000    0.000000
   13.3 B2                    1.159000     0.202822    0.000000    0.000000
                              0.325800     0.503903    1.000000    0.000000
                              0.102700     0.383421    0.000000    1.000000
   14.3 B2   3  2py           1.407000     1.000000
             4  2py    
   15.3 B2   3  2pz           1.407000     1.000000
             4 -2pz    
   16.3 B2   3  2py           0.388000     1.000000
             4  2py    
   17.3 B2   3  2pz           0.388000     1.000000
             4 -2pz    
    1.4 A2   1  3d2-          2.314000     1.000000
    2.4 A2   1  3d2-          0.645000     1.000000
    3.4 A2   2  3d2-          1.097000     1.000000
    4.4 A2   2  3d2-          0.318000     1.000000
    5.4 A2   3  2px           1.407000     1.000000
             4 -2px    
    6.4 A2   3  2px           0.388000     1.000000
             4 -2px    

 NUCLEAR CHARGE:                   16
 NUMBER OF PRIMITIVE AOS:          96
 NUMBER OF SYMMETRY AOS:           92
 NUMBER OF CONTRACTIONS:           64   (  29A1  +  12B1  +  17B2  +   6A2  )
 NUMBER OF CORE ORBITALS:           2   (   2A1  +   0B1  +   0B2  +   0A2  )
 NUMBER OF VALENCE ORBITALS:       10   (   5A1  +   2B1  +   3B2  +   0A2  )


 NUCLEAR REPULSION ENERGY   31.92790497


 Eigenvalues of metric

         1 0.273E-02 0.436E-02 0.537E-02 0.848E-02 0.195E-01 0.356E-01 0.531E-01 0.714E-01
         2 0.367E-01 0.474E-01 0.109E+00 0.157E+00 0.280E+00 0.461E+00 0.509E+00 0.830E+00
         3 0.410E-02 0.120E-01 0.212E-01 0.362E-01 0.563E-01 0.113E+00 0.120E+00 0.248E+00
         4 0.131E+00 0.429E+00 0.539E+00 0.870E+00 0.150E+01 0.244E+01


 Contracted 2-electron integrals neglected if value below      1.0D-11
 AO integral compression algorithm  1   Integral accuracy      1.0D-11

     4.194 MB (compressed) written to integral file ( 60.5%)


 NUMBER OF SORTED TWO-ELECTRON INTEGRALS:     595626.     BUFFER LENGTH:  32768
 NUMBER OF SEGMENTS:   1  SEGMENT LENGTH:     595626      RECORD LENGTH: 524288

 Memory used in sort:       1.15 MW

 SORT1 READ      829161. AND WROTE      566866. INTEGRALS IN      2 RECORDS. CPU TIME:     0.02 SEC, REAL TIME:     0.04 SEC
 SORT2 READ      566866. AND WROTE      595626. INTEGRALS IN     16 RECORDS. CPU TIME:     0.05 SEC, REAL TIME:     0.06 SEC

 FILE SIZES:   FILE 1:    11.9 MBYTE,  FILE 4:     8.4 MBYTE,   TOTAL:     20.3 MBYTE

 OPERATOR DM      FOR CENTER  0  COORDINATES:    0.000000    0.000000    0.000000
1PROGRAM * RHF-SCF (CLOSED SHELL)       Authors: W. Meyer, H.-J. Werner


 NUMBER OF ELECTRONS:       8+    8-    SPACE SYMMETRY=1    SPIN SYMMETRY: Singlet 
 CONVERGENCE THRESHOLDS:    1.00E-06 (Density)    1.00E-08 (Energy)
 MAX. NUMBER OF ITERATIONS:       60
 INTERPOLATION TYPE:            DIIS
 INTERPOLATION STEPS:              2 (START)      1 (STEP)
 LEVEL SHIFTS:                  0.00 (CLOSED)  0.00 (OPEN) 

 Number of closed-shell orbitals:    8 (   5   1   2   0 )


 Molecular orbitals read from record     2100.2  Type=RHF/CANONICAL (state 1.1)

 Molecular orbital dump at record        2100.2

 ITERATION    DDIFF          GRAD             ENERGY        2-EL.EN.            DIPOLE MOMENTS         DIIS   ORB.
    1      0.000D+00      0.000D+00      -113.90906353    145.464844    0.00000    0.00000    1.05121    0    start
    2      0.000D+00      0.123D-02      -113.90928042    145.570304    0.00000    0.00000    1.05646    1    diag
    3      0.272D-02      0.495D-03      -113.90930845    145.491284    0.00000    0.00000    1.03895    2    diag
    4      0.732D-03      0.238D-03      -113.90931689    145.511973    0.00000    0.00000    1.04232    3    diag
    5      0.310D-03      0.362D-04      -113.90931730    145.511714    0.00000    0.00000    1.04122    4    diag
    6      0.776D-04      0.820D-05      -113.90931733    145.510745    0.00000    0.00000    1.04114    5    diag
    7      0.227D-04      0.243D-05      -113.90931733    145.510847    0.00000    0.00000    1.04114    6    diag
    8      0.638D-05      0.810D-06      -113.90931733    145.510845    0.00000    0.00000    1.04116    7    orth
    9      0.251D-05      0.247D-06      -113.90931733    145.510847    0.00000    0.00000    1.04117    8    diag
   10      0.768D-06      0.308D-07      -113.90931733    145.510847    0.00000    0.00000    1.04117    0    orth

 Final occupancy:   5   1   2   0

 !RHF STATE 1.1 Energy               -113.909317332330
 Nuclear energy                        31.92790497
 One-electron energy                 -218.59264561
 Two-electron energy                   72.75542330
 Virial quotient                       -1.00022460
 !RHF STATE 1.1 Dipole moment           0.00000000     0.00000000     1.04116854
 Dipole moment /Debye                   0.00000000     0.00000000     2.64621313

 Orbital energies:

         1.1          2.1          3.1          4.1          5.1          6.1          7.1
    -20.573175   -11.332098    -1.423338    -0.868081    -0.659504     0.150183     0.273953

         1.2          2.2          3.2
     -0.546199     0.127115     0.443844

         1.3          2.3          3.3          4.3
     -0.700808    -0.437697     0.208718     0.468258

         1.4          2.4
      0.710053     1.193802

 HOMO      2.3    -0.437697 =     -11.9103eV
 LUMO      2.2     0.127115 =       3.4590eV
 LUMO-HOMO         0.564812 =      15.3693eV


 **********************************************************************************************************************************
 DATASETS  * FILE   NREC   LENGTH (MB)   RECORD NAMES
              1      19       10.50       500      610      700      900      950      970     1000      129      960     1100   
                                          VAR    BASINP    GEOM    SYMINP    ZMAT    AOBASIS   BASIS     P2S    ABASIS      S 
                                         1400     1410     1200     1210     1080     1600     1650     1300     1700   
                                           T        V       H0       H01     AOSYM     SMH    MOLCAS    ERIS     OPER   

              2       4        0.37       700     1000      520     2100   
                                         GEOM     BASIS   MCVARS     RHF  

 PROGRAMS   *        TOTAL        HF        HF       INT
 CPU TIMES  *         2.28      0.32      0.10      0.29
 REAL TIME  *         2.53 SEC
 DISK USED  *        20.71 MB      
 **********************************************************************************************************************************

 PROGRESS OF GEOMETRY OPTIMIZATION.    TOTAL CPU:         1.8 SEC
   1  -113.90534612  -113.90889205    -0.00354592  0.09418676  0.09593987  0.01598998  0.08401238  0.09393591  0.04696796
   2  -113.90889205  -113.90931733    -0.00042529  0.02822580  0.02945803  0.00490967  0.04935054  0.05488140  0.02744070

 **********************************************************************************************************************************

 Current geometry (xyz format, in Angstrom)

    4
 HF-SCF000/USERDEF  ENERGY=-113.90931733
 O          0.0000000000        0.0000000000       -1.2281593973
 C          0.0000000000        0.0000000000       -0.0501157607
 H          0.0000000000        0.9255256182        0.5288225790
 H          0.0000000000       -0.9255256182        0.5288225790

 **********************************************************************************************************************************
1PROGRAM * ALASKA (Gradient of the energy)     Author: R. Lindh

 Orbitals from record         2100.2

 Number of closed-shell orbitals:  8 (  5  1  2  0 )
 Number of occupied orbitals:      8 (  5  1  2  0 )

 Number of electrons= 16     Singlet     Space symmetry=1      Wavefunction type: CLOSED          


 SCF GRADIENT FOR STATE 1.1

 Atom          dE/dx               dE/dy               dE/dz

   1         0.000000000         0.000000000         0.002472562
   2         0.000000000         0.000000000        -0.002681372
   3         0.000000000        -0.000382075         0.000104405
   4         0.000000000         0.000382075         0.000104405

 Nuclear force contribution to virial =        -0.006612414
 Reading points  1 to  3 from record 700.2,  wavefunction type=HF-SCF000       

 Making model hessian for cartesian coordinates
 BFGS update of hessian using  2 points

 Quadratic Steepest Descent - Minimum Search

 Optimization point  3

 Variable                      Last           Current        Next           Gradient       Hessian
 E(HF-SCF000) / Hartree   -113.90889205  -113.90931733     0.00000000
 GX1 / ANGSTROM              0.00000000     0.00000000     0.00000000     0.00000000    -0.00000000
 GY1 / ANGSTROM              0.00000000     0.00000000     0.00000000     0.00000000    -0.00000000
 GZ1 / ANGSTROM             -1.22059442    -1.22815940    -1.22836908     0.00467247    -0.00000000
 GX2 / ANGSTROM              0.00000000     0.00000000     0.00000000     0.00000000    -0.00000000
 GY2 / ANGSTROM             -0.00000000     0.00000000     0.00000000     0.00000000     0.00000000
 GZ2 / ANGSTROM             -0.03243820    -0.05011576    -0.04899682    -0.00506706     0.00000000
 GX3 / ANGSTROM              0.00000000     0.00000000     0.00000000     0.00000000     0.62006919
 GY3 / ANGSTROM              0.93433241     0.92552562     0.92651446    -0.00072202     0.90353087
 GZ3 / ANGSTROM              0.51620131     0.52882258     0.52836795     0.00019730     2.13087339
 GX4 / ANGSTROM              0.00000000     0.00000000     0.00000000     0.00000000     4.87978663
 GY4 / ANGSTROM             -0.93433241    -0.92552562    -0.92651446     0.00072202     9.07463505
 GZ4 / ANGSTROM              0.51620131     0.52882258     0.52836795     0.00019730    13.02467546
 Convergence:                0.00000000  (line search)     0.00361772     0.00369013  (total)

 Geometry written to block  4 of record 700


 Recomputing integrals since geometry changed

1PROGRAM * SEWARD (Integral evaluation for generally contracted gaussian basis sets)     Author: Roland Lindh, 1990

 Geometry written to block  4 of record 700


 Point group  C2v 



 ATOMIC COORDINATES

 NR  ATOM    CHARGE       X              Y              Z

   1  O       8.00    0.000000000    0.000000000   -2.321281148
   2  C       6.00    0.000000000    0.000000000   -0.092590575
   3  H       1.00    0.000000000    1.750858591    0.998470724
   4  H       1.00    0.000000000   -1.750858591    0.998470724

 Bond lengths in Bohr (Angstrom)

 1-2  2.228690573  2-3  2.062988260  2-4  2.062988260
     ( 1.179372257)     ( 1.091686370)     ( 1.091686370)

 Bond angles

  1-2-3  121.92942165   1-2-4  121.92942165   3-2-4  116.14115670


 BASIS DATA

   Nr Sym  Nuc  Type         Exponents   Contraction coefficients

    1.1 A1   1  1s        15330.000000     0.000508   -0.000115    0.000000    0.000000
    2.1 A1                 2299.000000     0.003929   -0.000895    0.000000    0.000000
    3.1 A1                  522.400000     0.020243   -0.004636    0.000000    0.000000
    4.1 A1                  147.300000     0.079181   -0.018724    0.000000    0.000000
                             47.550000     0.230687   -0.058463    0.000000    0.000000
                             16.760000     0.433118   -0.136463    0.000000    0.000000
                              6.207000     0.350260   -0.175740    0.000000    0.000000
                              1.752000     0.042728    0.160934    1.000000    0.000000
                              0.688200    -0.008154    0.603418    0.000000    0.000000
                              0.238400     0.002381    0.378765    0.000000    1.000000
    5.1 A1   1  2pz          34.460000     0.015928    0.000000    0.000000
    6.1 A1                    7.749000     0.099740    0.000000    0.000000
    7.1 A1                    2.280000     0.310492    0.000000    0.000000
                              0.715600     0.491026    1.000000    0.000000
                              0.214000     0.336337    0.000000    1.000000
    8.1 A1   1  3d0           2.314000     1.000000
    9.1 A1   1  3d2+          2.314000     1.000000
   10.1 A1   1  3d0           0.645000     1.000000
   11.1 A1   1  3d2+          0.645000     1.000000
   12.1 A1   2  1s         8236.000000     0.000531   -0.000113    0.000000    0.000000
   13.1 A1                 1235.000000     0.004108   -0.000878    0.000000    0.000000
   14.1 A1                  280.800000     0.021087   -0.004540    0.000000    0.000000
   15.1 A1                   79.270000     0.081853   -0.018133    0.000000    0.000000
                             25.590000     0.234817   -0.055760    0.000000    0.000000
                              8.997000     0.434401   -0.126895    0.000000    0.000000
                              3.319000     0.346129   -0.170352    0.000000    0.000000
                              0.905900     0.039378    0.140382    1.000000    0.000000
                              0.364300    -0.008983    0.598684    0.000000    0.000000
                              0.128500     0.002385    0.395389    0.000000    1.000000
   16.1 A1   2  2pz          18.710000     0.014031    0.000000    0.000000
   17.1 A1                    4.133000     0.086866    0.000000    0.000000
   18.1 A1                    1.200000     0.290216    0.000000    0.000000
                              0.382700     0.501008    1.000000    0.000000
                              0.120900     0.343406    0.000000    1.000000
   19.1 A1   2  3d0           1.097000     1.000000
   20.1 A1   2  3d2+          1.097000     1.000000
   21.1 A1   2  3d0           0.318000     1.000000
   22.1 A1   2  3d2+          0.318000     1.000000
   23.1 A1   3  1s           33.870000     0.006068    0.000000    0.000000
   24.1 A1   4  1s            5.095000     0.045308    0.000000    0.000000
   25.1 A1                    1.159000     0.202822    0.000000    0.000000
                              0.325800     0.503903    1.000000    0.000000
                              0.102700     0.383421    0.000000    1.000000
   26.1 A1   3  2pz           1.407000     1.000000
             4  2pz    
   27.1 A1   3  2py           1.407000     1.000000
             4 -2py    
   28.1 A1   3  2pz           0.388000     1.000000
             4  2pz    
   29.1 A1   3  2py           0.388000     1.000000
             4 -2py    
    1.2 B1   1  2px          34.460000     0.015928    0.000000    0.000000
    2.2 B1                    7.749000     0.099740    0.000000    0.000000
    3.2 B1                    2.280000     0.310492    0.000000    0.000000
                              0.715600     0.491026    1.000000    0.000000
                              0.214000     0.336337    0.000000    1.000000
    4.2 B1   1  3d1+          2.314000     1.000000
    5.2 B1   1  3d1+          0.645000     1.000000
    6.2 B1   2  2px          18.710000     0.014031    0.000000    0.000000
    7.2 B1                    4.133000     0.086866    0.000000    0.000000
    8.2 B1                    1.200000     0.290216    0.000000    0.000000
                              0.382700     0.501008    1.000000    0.000000
                              0.120900     0.343406    0.000000    1.000000
    9.2 B1   2  3d1+          1.097000     1.000000
   10.2 B1   2  3d1+          0.318000     1.000000
   11.2 B1   3  2px           1.407000     1.000000
             4  2px    
   12.2 B1   3  2px           0.388000     1.000000
             4  2px    
    1.3 B2   1  2py          34.460000     0.015928    0.000000    0.000000
    2.3 B2                    7.749000     0.099740    0.000000    0.000000
    3.3 B2                    2.280000     0.310492    0.000000    0.000000
                              0.715600     0.491026    1.000000    0.000000
                              0.214000     0.336337    0.000000    1.000000
    4.3 B2   1  3d1-          2.314000     1.000000
    5.3 B2   1  3d1-          0.645000     1.000000
    6.3 B2   2  2py          18.710000     0.014031    0.000000    0.000000
    7.3 B2                    4.133000     0.086866    0.000000    0.000000
    8.3 B2                    1.200000     0.290216    0.000000    0.000000
                              0.382700     0.501008    1.000000    0.000000
                              0.120900     0.343406    0.000000    1.000000
    9.3 B2   2  3d1-          1.097000     1.000000
   10.3 B2   2  3d1-          0.318000     1.000000
   11.3 B2   3  1s           33.870000     0.006068    0.000000    0.000000
   12.3 B2   4 -1s            5.095000     0.045308    0.000000    0.000000
   13.3 B2                    1.159000     0.202822    0.000000    0.000000
                              0.325800     0.503903    1.000000    0.000000
                              0.102700     0.383421    0.000000    1.000000
   14.3 B2   3  2py           1.407000     1.000000
             4  2py    
   15.3 B2   3  2pz           1.407000     1.000000
             4 -2pz    
   16.3 B2   3  2py           0.388000     1.000000
             4  2py    
   17.3 B2   3  2pz           0.388000     1.000000
             4 -2pz    
    1.4 A2   1  3d2-          2.314000     1.000000
    2.4 A2   1  3d2-          0.645000     1.000000
    3.4 A2   2  3d2-          1.097000     1.000000
    4.4 A2   2  3d2-          0.318000     1.000000
    5.4 A2   3  2px           1.407000     1.000000
             4 -2px    
    6.4 A2   3  2px           0.388000     1.000000
             4 -2px    

 NUCLEAR CHARGE:                   16
 NUMBER OF PRIMITIVE AOS:          96
 NUMBER OF SYMMETRY AOS:           92
 NUMBER OF CONTRACTIONS:           64   (  29A1  +  12B1  +  17B2  +   6A2  )
 NUMBER OF CORE ORBITALS:           2   (   2A1  +   0B1  +   0B2  +   0A2  )
 NUMBER OF VALENCE ORBITALS:       10   (   5A1  +   2B1  +   3B2  +   0A2  )


 NUCLEAR REPULSION ENERGY   31.90275608


 Eigenvalues of metric

         1 0.273E-02 0.436E-02 0.537E-02 0.851E-02 0.195E-01 0.357E-01 0.531E-01 0.714E-01
         2 0.367E-01 0.475E-01 0.109E+00 0.158E+00 0.281E+00 0.461E+00 0.508E+00 0.832E+00
         3 0.410E-02 0.120E-01 0.212E-01 0.362E-01 0.563E-01 0.113E+00 0.120E+00 0.248E+00
         4 0.131E+00 0.429E+00 0.539E+00 0.870E+00 0.150E+01 0.244E+01


 Contracted 2-electron integrals neglected if value below      1.0D-11
 AO integral compression algorithm  1   Integral accuracy      1.0D-11

     4.194 MB (compressed) written to integral file ( 60.5%)


 NUMBER OF SORTED TWO-ELECTRON INTEGRALS:     595626.     BUFFER LENGTH:  32768
 NUMBER OF SEGMENTS:   1  SEGMENT LENGTH:     595626      RECORD LENGTH: 524288

 Memory used in sort:       1.15 MW

 SORT1 READ      829161. AND WROTE      566866. INTEGRALS IN      2 RECORDS. CPU TIME:     0.02 SEC, REAL TIME:     0.03 SEC
 SORT2 READ      566866. AND WROTE      595626. INTEGRALS IN     16 RECORDS. CPU TIME:     0.06 SEC, REAL TIME:     0.05 SEC

 FILE SIZES:   FILE 1:    11.9 MBYTE,  FILE 4:     8.4 MBYTE,   TOTAL:     20.3 MBYTE

 OPERATOR DM      FOR CENTER  0  COORDINATES:    0.000000    0.000000    0.000000
1PROGRAM * RHF-SCF (CLOSED SHELL)       Authors: W. Meyer, H.-J. Werner


 NUMBER OF ELECTRONS:       8+    8-    SPACE SYMMETRY=1    SPIN SYMMETRY: Singlet 
 CONVERGENCE THRESHOLDS:    1.00E-07 (Density)    1.00E-08 (Energy)
 MAX. NUMBER OF ITERATIONS:       60
 INTERPOLATION TYPE:            DIIS
 INTERPOLATION STEPS:              2 (START)      1 (STEP)
 LEVEL SHIFTS:                  0.00 (CLOSED)  0.00 (OPEN) 

 Number of closed-shell orbitals:    8 (   5   1   2   0 )


 Molecular orbitals read from record     2100.2  Type=RHF/CANONICAL (state 1.1)

 Molecular orbital dump at record        2100.2

 ITERATION    DDIFF          GRAD             ENERGY        2-EL.EN.            DIPOLE MOMENTS         DIIS   ORB.
    1      0.000D+00      0.000D+00      -113.90931943    145.475641    0.00000    0.00000    1.04269    0    start
    2      0.000D+00      0.117D-03      -113.90932126    145.461389    0.00000    0.00000    1.04260    1    diag
    3      0.207D-03      0.415D-04      -113.90932147    145.469297    0.00000    0.00000    1.04392    2    diag
    4      0.613D-04      0.196D-04      -113.90932152    145.467365    0.00000    0.00000    1.04359    3    diag
    5      0.241D-04      0.452D-05      -113.90932153    145.467434    0.00000    0.00000    1.04372    4    diag
    6      0.723D-05      0.969D-06      -113.90932153    145.467519    0.00000    0.00000    1.04373    5    diag
    7      0.272D-05      0.173D-06      -113.90932153    145.467512    0.00000    0.00000    1.04373    6    diag
    8      0.538D-06      0.394D-07      -113.90932153    145.467512    0.00000    0.00000    1.04373    7    orth
    9      0.115D-06      0.149D-07      -113.90932153    145.467512    0.00000    0.00000    1.04373    8    diag
   10      0.444D-07      0.343D-08      -113.90932153    145.467512    0.00000    0.00000    1.04373    0    orth

 Final occupancy:   5   1   2   0

 !RHF STATE 1.1 Energy               -113.909321529231
 Nuclear energy                        31.90275608
 One-electron energy                 -218.54583378
 Two-electron energy                   72.73375617
 Virial quotient                       -1.00027684
 !RHF STATE 1.1 Dipole moment           0.00000000     0.00000000     1.04373134
 Dipole moment /Debye                   0.00000000     0.00000000     2.65272669

 Orbital energies:

         1.1          2.1          3.1          4.1          5.1          6.1          7.1
    -20.573164   -11.332314    -1.422402    -0.868136    -0.658976     0.150172     0.273917

         1.2          2.2          3.2
     -0.545544     0.126781     0.443871

         1.3          2.3          3.3          4.3
     -0.700724    -0.437902     0.208484     0.468676

         1.4          2.4
      0.709823     1.194337

 HOMO      2.3    -0.437902 =     -11.9159eV
 LUMO      2.2     0.126781 =       3.4499eV
 LUMO-HOMO         0.564683 =      15.3658eV


 **********************************************************************************************************************************
 DATASETS  * FILE   NREC   LENGTH (MB)   RECORD NAMES
              1      19       10.50       500      610      700      900      950      970     1000      129      960     1100   
                                          VAR    BASINP    GEOM    SYMINP    ZMAT    AOBASIS   BASIS     P2S    ABASIS      S 
                                         1400     1410     1200     1210     1080     1600     1650     1300     1700   
                                           T        V       H0       H01     AOSYM     SMH    MOLCAS    ERIS     OPER   

              2       4        0.37       700     1000      520     2100   
                                         GEOM     BASIS   MCVARS     RHF  

 PROGRAMS   *        TOTAL        HF        HF       INT
 CPU TIMES  *         3.18      0.32      0.10      0.29
 REAL TIME  *         3.50 SEC
 DISK USED  *        20.71 MB      
 **********************************************************************************************************************************

 PROGRESS OF GEOMETRY OPTIMIZATION.    TOTAL CPU:         2.7 SEC
   1  -113.90534612  -113.90889205    -0.00354592  0.09418676  0.09593987  0.01598998  0.08401238  0.09393591  0.04696796
   2  -113.90889205  -113.90931733    -0.00042529  0.02822580  0.02945803  0.00490967  0.04935054  0.05488140  0.02744070
   3  -113.90931733  -113.90932153    -0.00000420  0.00357188  0.00369013  0.00061502  0.00304963  0.00361772  0.00180886

 **********************************************************************************************************************************

 Current geometry (xyz format, in Angstrom)

    4
 HF-SCF000/USERDEF  ENERGY=-113.90932153
 O          0.0000000000        0.0000000000       -1.2283690794
 C          0.0000000000        0.0000000000       -0.0489968221
 H          0.0000000000        0.9265144623        0.5283679507
 H          0.0000000000       -0.9265144623        0.5283679507

 **********************************************************************************************************************************
1PROGRAM * ALASKA (Gradient of the energy)     Author: R. Lindh

 Orbitals from record         2100.2

 Number of closed-shell orbitals:  8 (  5  1  2  0 )
 Number of occupied orbitals:      8 (  5  1  2  0 )

 Number of electrons= 16     Singlet     Space symmetry=1      Wavefunction type: CLOSED          


 SCF GRADIENT FOR STATE 1.1

 Atom          dE/dx               dE/dy               dE/dz

   1         0.000000000         0.000000000         0.000024286
   2         0.000000000         0.000000000         0.000083277
   3         0.000000000        -0.000108493        -0.000053781
   4         0.000000000         0.000108493        -0.000053781

 Nuclear force contribution to virial =        -0.000551394
 Reading points  1 to  4 from record 700.2,  wavefunction type=HF-SCF000       

 Making model hessian for cartesian coordinates
 BFGS update of hessian using  3 points

 Quadratic Steepest Descent - Minimum Search

 Optimization point  4

 Variable                      Last           Current        Next           Gradient       Hessian
 E(HF-SCF000) / Hartree   -113.90931733  -113.90932153     0.00000000
 GX1 / ANGSTROM              0.00000000     0.00000000     0.00000000     0.00000000    -0.00000000
 GY1 / ANGSTROM              0.00000000     0.00000000     0.00000000     0.00000000    -0.00000000
 GZ1 / ANGSTROM             -1.22815940    -1.22836908    -1.22839769     0.00004589    -0.00000000
 GX2 / ANGSTROM              0.00000000     0.00000000     0.00000000     0.00000000    -0.00000000
 GY2 / ANGSTROM              0.00000000     0.00000000     0.00000000     0.00000000     0.00000000
 GZ2 / ANGSTROM             -0.05011576    -0.04899682    -0.04901955     0.00015737     0.00000000
 GX3 / ANGSTROM              0.00000000     0.00000000     0.00000000     0.00000000     0.61977853
 GY3 / ANGSTROM              0.92552562     0.92651446     0.92665787    -0.00020502     0.89952923
 GZ3 / ANGSTROM              0.52882258     0.52836795     0.52839362    -0.00010163     2.12823298
 GX4 / ANGSTROM              0.00000000     0.00000000     0.00000000     0.00000000     4.87983240
 GY4 / ANGSTROM             -0.92552562    -0.92651446    -0.92665787     0.00020502     9.04647781
 GZ4 / ANGSTROM              0.52882258     0.52836795     0.52839362    -0.00010163    12.97242789
 Convergence:                0.00000000  (line search)     0.00039542     0.00019197  (total)

 Geometry written to block  5 of record 700


 Recomputing integrals since geometry changed

1PROGRAM * SEWARD (Integral evaluation for generally contracted gaussian basis sets)     Author: Roland Lindh, 1990

 Geometry written to block  5 of record 700


 Point group  C2v 



 ATOMIC COORDINATES

 NR  ATOM    CHARGE       X              Y              Z

   1  O       8.00    0.000000000    0.000000000   -2.321335219
   2  C       6.00    0.000000000    0.000000000   -0.092633518
   3  H       1.00    0.000000000    1.751129595    0.998519230
   4  H       1.00    0.000000000   -1.751129595    0.998519230

 Bond lengths in Bohr (Angstrom)

 1-2  2.228701701  2-3  2.063266628  2-4  2.063266628
     ( 1.179378146)     ( 1.091833676)     ( 1.091833676)

 Bond angles

  1-2-3  121.92759680   1-2-4  121.92759680   3-2-4  116.14480641


 BASIS DATA

   Nr Sym  Nuc  Type         Exponents   Contraction coefficients

    1.1 A1   1  1s        15330.000000     0.000508   -0.000115    0.000000    0.000000
    2.1 A1                 2299.000000     0.003929   -0.000895    0.000000    0.000000
    3.1 A1                  522.400000     0.020243   -0.004636    0.000000    0.000000
    4.1 A1                  147.300000     0.079181   -0.018724    0.000000    0.000000
                             47.550000     0.230687   -0.058463    0.000000    0.000000
                             16.760000     0.433118   -0.136463    0.000000    0.000000
                              6.207000     0.350260   -0.175740    0.000000    0.000000
                              1.752000     0.042728    0.160934    1.000000    0.000000
                              0.688200    -0.008154    0.603418    0.000000    0.000000
                              0.238400     0.002381    0.378765    0.000000    1.000000
    5.1 A1   1  2pz          34.460000     0.015928    0.000000    0.000000
    6.1 A1                    7.749000     0.099740    0.000000    0.000000
    7.1 A1                    2.280000     0.310492    0.000000    0.000000
                              0.715600     0.491026    1.000000    0.000000
                              0.214000     0.336337    0.000000    1.000000
    8.1 A1   1  3d0           2.314000     1.000000
    9.1 A1   1  3d2+          2.314000     1.000000
   10.1 A1   1  3d0           0.645000     1.000000
   11.1 A1   1  3d2+          0.645000     1.000000
   12.1 A1   2  1s         8236.000000     0.000531   -0.000113    0.000000    0.000000
   13.1 A1                 1235.000000     0.004108   -0.000878    0.000000    0.000000
   14.1 A1                  280.800000     0.021087   -0.004540    0.000000    0.000000
   15.1 A1                   79.270000     0.081853   -0.018133    0.000000    0.000000
                             25.590000     0.234817   -0.055760    0.000000    0.000000
                              8.997000     0.434401   -0.126895    0.000000    0.000000
                              3.319000     0.346129   -0.170352    0.000000    0.000000
                              0.905900     0.039378    0.140382    1.000000    0.000000
                              0.364300    -0.008983    0.598684    0.000000    0.000000
                              0.128500     0.002385    0.395389    0.000000    1.000000
   16.1 A1   2  2pz          18.710000     0.014031    0.000000    0.000000
   17.1 A1                    4.133000     0.086866    0.000000    0.000000
   18.1 A1                    1.200000     0.290216    0.000000    0.000000
                              0.382700     0.501008    1.000000    0.000000
                              0.120900     0.343406    0.000000    1.000000
   19.1 A1   2  3d0           1.097000     1.000000
   20.1 A1   2  3d2+          1.097000     1.000000
   21.1 A1   2  3d0           0.318000     1.000000
   22.1 A1   2  3d2+          0.318000     1.000000
   23.1 A1   3  1s           33.870000     0.006068    0.000000    0.000000
   24.1 A1   4  1s            5.095000     0.045308    0.000000    0.000000
   25.1 A1                    1.159000     0.202822    0.000000    0.000000
                              0.325800     0.503903    1.000000    0.000000
                              0.102700     0.383421    0.000000    1.000000
   26.1 A1   3  2pz           1.407000     1.000000
             4  2pz    
   27.1 A1   3  2py           1.407000     1.000000
             4 -2py    
   28.1 A1   3  2pz           0.388000     1.000000
             4  2pz    
   29.1 A1   3  2py           0.388000     1.000000
             4 -2py    
    1.2 B1   1  2px          34.460000     0.015928    0.000000    0.000000
    2.2 B1                    7.749000     0.099740    0.000000    0.000000
    3.2 B1                    2.280000     0.310492    0.000000    0.000000
                              0.715600     0.491026    1.000000    0.000000
                              0.214000     0.336337    0.000000    1.000000
    4.2 B1   1  3d1+          2.314000     1.000000
    5.2 B1   1  3d1+          0.645000     1.000000
    6.2 B1   2  2px          18.710000     0.014031    0.000000    0.000000
    7.2 B1                    4.133000     0.086866    0.000000    0.000000
    8.2 B1                    1.200000     0.290216    0.000000    0.000000
                              0.382700     0.501008    1.000000    0.000000
                              0.120900     0.343406    0.000000    1.000000
    9.2 B1   2  3d1+          1.097000     1.000000
   10.2 B1   2  3d1+          0.318000     1.000000
   11.2 B1   3  2px           1.407000     1.000000
             4  2px    
   12.2 B1   3  2px           0.388000     1.000000
             4  2px    
    1.3 B2   1  2py          34.460000     0.015928    0.000000    0.000000
    2.3 B2                    7.749000     0.099740    0.000000    0.000000
    3.3 B2                    2.280000     0.310492    0.000000    0.000000
                              0.715600     0.491026    1.000000    0.000000
                              0.214000     0.336337    0.000000    1.000000
    4.3 B2   1  3d1-          2.314000     1.000000
    5.3 B2   1  3d1-          0.645000     1.000000
    6.3 B2   2  2py          18.710000     0.014031    0.000000    0.000000
    7.3 B2                    4.133000     0.086866    0.000000    0.000000
    8.3 B2                    1.200000     0.290216    0.000000    0.000000
                              0.382700     0.501008    1.000000    0.000000
                              0.120900     0.343406    0.000000    1.000000
    9.3 B2   2  3d1-          1.097000     1.000000
   10.3 B2   2  3d1-          0.318000     1.000000
   11.3 B2   3  1s           33.870000     0.006068    0.000000    0.000000
   12.3 B2   4 -1s            5.095000     0.045308    0.000000    0.000000
   13.3 B2                    1.159000     0.202822    0.000000    0.000000
                              0.325800     0.503903    1.000000    0.000000
                              0.102700     0.383421    0.000000    1.000000
   14.3 B2   3  2py           1.407000     1.000000
             4  2py    
   15.3 B2   3  2pz           1.407000     1.000000
             4 -2pz    
   16.3 B2   3  2py           0.388000     1.000000
             4  2py    
   17.3 B2   3  2pz           0.388000     1.000000
             4 -2pz    
    1.4 A2   1  3d2-          2.314000     1.000000
    2.4 A2   1  3d2-          0.645000     1.000000
    3.4 A2   2  3d2-          1.097000     1.000000
    4.4 A2   2  3d2-          0.318000     1.000000
    5.4 A2   3  2px           1.407000     1.000000
             4 -2px    
    6.4 A2   3  2px           0.388000     1.000000
             4 -2px    

 NUCLEAR CHARGE:                   16
 NUMBER OF PRIMITIVE AOS:          96
 NUMBER OF SYMMETRY AOS:           92
 NUMBER OF CONTRACTIONS:           64   (  29A1  +  12B1  +  17B2  +   6A2  )
 NUMBER OF CORE ORBITALS:           2   (   2A1  +   0B1  +   0B2  +   0A2  )
 NUMBER OF VALENCE ORBITALS:       10   (   5A1  +   2B1  +   3B2  +   0A2  )


 NUCLEAR REPULSION ENERGY   31.90157292


 Eigenvalues of metric

         1 0.273E-02 0.437E-02 0.538E-02 0.851E-02 0.195E-01 0.357E-01 0.531E-01 0.714E-01
         2 0.367E-01 0.475E-01 0.109E+00 0.158E+00 0.281E+00 0.461E+00 0.508E+00 0.832E+00
         3 0.411E-02 0.120E-01 0.212E-01 0.362E-01 0.563E-01 0.113E+00 0.120E+00 0.248E+00
         4 0.131E+00 0.429E+00 0.539E+00 0.870E+00 0.150E+01 0.244E+01


 Contracted 2-electron integrals neglected if value below      1.0D-11
 AO integral compression algorithm  1   Integral accuracy      1.0D-11

     4.194 MB (compressed) written to integral file ( 60.5%)


 NUMBER OF SORTED TWO-ELECTRON INTEGRALS:     595626.     BUFFER LENGTH:  32768
 NUMBER OF SEGMENTS:   1  SEGMENT LENGTH:     595626      RECORD LENGTH: 524288

 Memory used in sort:       1.15 MW

 SORT1 READ      829161. AND WROTE      566866. INTEGRALS IN      2 RECORDS. CPU TIME:     0.02 SEC, REAL TIME:     0.03 SEC
 SORT2 READ      566866. AND WROTE      595626. INTEGRALS IN     16 RECORDS. CPU TIME:     0.06 SEC, REAL TIME:     0.05 SEC

 FILE SIZES:   FILE 1:    11.9 MBYTE,  FILE 4:     8.4 MBYTE,   TOTAL:     20.3 MBYTE

 OPERATOR DM      FOR CENTER  0  COORDINATES:    0.000000    0.000000    0.000000
1PROGRAM * RHF-SCF (CLOSED SHELL)       Authors: W. Meyer, H.-J. Werner


 NUMBER OF ELECTRONS:       8+    8-    SPACE SYMMETRY=1    SPIN SYMMETRY: Singlet 
 CONVERGENCE THRESHOLDS:    1.00E-07 (Density)    1.00E-08 (Energy)
 MAX. NUMBER OF ITERATIONS:       60
 INTERPOLATION TYPE:            DIIS
 INTERPOLATION STEPS:              2 (START)      1 (STEP)
 LEVEL SHIFTS:                  0.00 (CLOSED)  0.00 (OPEN) 

 Number of closed-shell orbitals:    8 (   5   1   2   0 )


 Molecular orbitals read from record     2100.2  Type=RHF/CANONICAL (state 1.1)

 Molecular orbital dump at record        2100.2

 ITERATION    DDIFF          GRAD             ENERGY        2-EL.EN.            DIPOLE MOMENTS         DIIS   ORB.
    1      0.000D+00      0.000D+00      -113.90932156    145.465796    0.00000    0.00000    1.04370    0    start
    2      0.000D+00      0.772D-05      -113.90932157    145.465383    0.00000    0.00000    1.04374    1    diag
    3      0.284D-04      0.204D-05      -113.90932157    145.465280    0.00000    0.00000    1.04365    2    diag
    4      0.391D-05      0.120D-05      -113.90932157    145.465373    0.00000    0.00000    1.04367    3    diag
    5      0.141D-05      0.195D-06      -113.90932157    145.465338    0.00000    0.00000    1.04367    4    diag
    6      0.315D-06      0.473D-07      -113.90932157    145.465342    0.00000    0.00000    1.04367    5    diag
    7      0.110D-06      0.769D-08      -113.90932157    145.465341    0.00000    0.00000    1.04367    6    diag
    8      0.227D-07      0.130D-08      -113.90932157    145.465341    0.00000    0.00000    1.04367    0    orth

 Final occupancy:   5   1   2   0

 !RHF STATE 1.1 Energy               -113.909321569580
 Nuclear energy                        31.90157292
 One-electron energy                 -218.54356520
 Two-electron energy                   72.73267071
 Virial quotient                       -1.00028100
 !RHF STATE 1.1 Dipole moment           0.00000000     0.00000000     1.04366651
 Dipole moment /Debye                   0.00000000     0.00000000     2.65256194

 Orbital energies:

         1.1          2.1          3.1          4.1          5.1          6.1          7.1
    -20.573172   -11.332350    -1.422404    -0.868085    -0.658969     0.150162     0.273916

         1.2          2.2          3.2
     -0.545548     0.126778     0.443873

         1.3          2.3          3.3          4.3
     -0.700693    -0.437891     0.208479     0.468686

         1.4          2.4
      0.709797     1.194312

 HOMO      2.3    -0.437891 =     -11.9156eV
 LUMO      2.2     0.126778 =       3.4498eV
 LUMO-HOMO         0.564670 =      15.3654eV


 **********************************************************************************************************************************
 DATASETS  * FILE   NREC   LENGTH (MB)   RECORD NAMES
              1      19       10.50       500      610      700      900      950      970     1000      129      960     1100   
                                          VAR    BASINP    GEOM    SYMINP    ZMAT    AOBASIS   BASIS     P2S    ABASIS      S 
                                         1400     1410     1200     1210     1080     1600     1650     1300     1700   
                                           T        V       H0       H01     AOSYM     SMH    MOLCAS    ERIS     OPER   

              2       4        0.37       700     1000      520     2100   
                                         GEOM     BASIS   MCVARS     RHF  

 PROGRAMS   *        TOTAL        HF        HF       INT
 CPU TIMES  *         4.06      0.32      0.10      0.29
 REAL TIME  *         4.43 SEC
 DISK USED  *        20.71 MB      
 **********************************************************************************************************************************

 PROGRESS OF GEOMETRY OPTIMIZATION.    TOTAL CPU:         3.5 SEC
   1  -113.90534612  -113.90889205    -0.00354592  0.09418676  0.09593987  0.01598998  0.08401238  0.09393591  0.04696796
   2  -113.90889205  -113.90931733    -0.00042529  0.02822580  0.02945803  0.00490967  0.04935054  0.05488140  0.02744070
   3  -113.90931733  -113.90932153    -0.00000420  0.00357188  0.00369013  0.00061502  0.00304963  0.00361772  0.00180886
   4  -113.90932153  -113.90932157    -0.00000004  0.00017311  0.00019197  0.00003199  0.00032682  0.00039542  0.00019771

 **********************************************************************************************************************************

 Current geometry (xyz format, in Angstrom)

    4
 HF-SCF000/USERDEF  ENERGY=-113.90932157
 O          0.0000000000        0.0000000000       -1.2283976922
 C          0.0000000000        0.0000000000       -0.0490195464
 H          0.0000000000        0.9266578719        0.5283936193
 H          0.0000000000       -0.9266578719        0.5283936193

 **********************************************************************************************************************************
